{
  "stats": {
    "suites": 1,
    "tests": 2,
    "passes": 1,
    "pending": 0,
    "failures": 1,
    "start": "2024-05-17T16:19:09.033Z",
    "end": "2024-05-17T16:19:26.832Z",
    "duration": 17799,
    "testsRegistered": 2,
    "passPercent": 50,
    "pendingPercent": 0,
    "other": 0,
    "hasOther": false,
    "skipped": 0,
    "hasSkipped": false
  },
  "results": [
    {
      "uuid": "2b28d688-216c-426b-9304-981cf16e580f",
      "title": "",
      "fullFile": "cypress/e2e/DomainChecker.cy.js",
      "file": "cypress/e2e/DomainChecker.cy.js",
      "beforeHooks": [],
      "afterHooks": [],
      "tests": [],
      "suites": [
        {
          "uuid": "579591ea-e2df-49ad-8932-418829e3b8cf",
          "title": "Domain checker",
          "fullFile": "",
          "file": "",
          "beforeHooks": [],
          "afterHooks": [],
          "tests": [
            {
              "title": "EXPECTED: should input a domain and check if it is available",
              "fullTitle": "Domain checker EXPECTED: should input a domain and check if it is available",
              "timedOut": null,
              "duration": 8124,
              "state": "failed",
              "speed": null,
              "pass": false,
              "fail": true,
              "pending": false,
              "context": null,
              "code": "cy.get('div[id=\"container\"]').should(\"be.visible\").within(() => {\n  cy.get('aside[class=\"callOuts\"]').should(\"be.visible\").within(() => {\n    cy.get('input[type=\"text\"]').type(\"test\");\n    cy.get('input[type=\"submit\"]').click();\n  });\n});\ncy.origin(\"https://domains.lycos.com/\", () => {\n  cy.get(\"p\").contains(\"domain is available\").should(\"be.visible\");\n});",
              "err": {
                "message": "CypressError: Timed out retrying after 5000ms: `cy.type()` failed because this element is not visible:\n\n`<input type=\"text\" maxlength=\"32\" name=\"search\" placeholder=\"your-domain.com\" class=\"mb10 domainCall\">`\n\nThis element `<input.mb10.domainCall>` is not visible because its parent `<section.content.dropShadow>` has CSS property: `display: none`\n\nFix this problem, or use `{force: true}` to disable error checking.\n\nhttps://on.cypress.io/element-cannot-be-interacted-with",
                "estack": "CypressError: Timed out retrying after 5000ms: `cy.type()` failed because this element is not visible:\n\n`<input type=\"text\" maxlength=\"32\" name=\"search\" placeholder=\"your-domain.com\" class=\"mb10 domainCall\">`\n\nThis element `<input.mb10.domainCall>` is not visible because its parent `<section.content.dropShadow>` has CSS property: `display: none`\n\nFix this problem, or use `{force: true}` to disable error checking.\n\nhttps://on.cypress.io/element-cannot-be-interacted-with\n    at runVisibilityCheck (https://www.angelfire.lycos.com/__cypress/runner/cypress_runner.js:145671:58)\n    at Object.isStrictlyVisible (https://www.angelfire.lycos.com/__cypress/runner/cypress_runner.js:145685:10)\n    at runAllChecks (https://www.angelfire.lycos.com/__cypress/runner/cypress_runner.js:112773:26)\n    at retryActionability (https://www.angelfire.lycos.com/__cypress/runner/cypress_runner.js:112841:16)\n    at tryCatcher (https://www.angelfire.lycos.com/__cypress/runner/cypress_runner.js:1807:23)\n    at Promise.attempt.Promise.try (https://www.angelfire.lycos.com/__cypress/runner/cypress_runner.js:4315:29)\n    at whenStable (https://www.angelfire.lycos.com/__cypress/runner/cypress_runner.js:144459:68)\n    at <unknown> (https://www.angelfire.lycos.com/__cypress/runner/cypress_runner.js:144400:14)\n    at tryCatcher (https://www.angelfire.lycos.com/__cypress/runner/cypress_runner.js:1807:23)\n    at Promise._settlePromiseFromHandler (https://www.angelfire.lycos.com/__cypress/runner/cypress_runner.js:1519:31)\n    at Promise._settlePromise (https://www.angelfire.lycos.com/__cypress/runner/cypress_runner.js:1576:18)\n    at Promise._settlePromise0 (https://www.angelfire.lycos.com/__cypress/runner/cypress_runner.js:1621:10)\n    at Promise._settlePromises (https://www.angelfire.lycos.com/__cypress/runner/cypress_runner.js:1701:18)\n    at Promise._fulfill (https://www.angelfire.lycos.com/__cypress/runner/cypress_runner.js:1645:18)\n    at <unknown> (https://www.angelfire.lycos.com/__cypress/runner/cypress_runner.js:5450:46)\nFrom Your Spec Code:\n    at Context.eval (webpack://code/./cypress/e2e/DomainChecker.cy.js:12:41)",
                "diff": null
              },
              "uuid": "95a6477e-b1e5-49d5-a1bc-a367f0d3df89",
              "parentUUID": "579591ea-e2df-49ad-8932-418829e3b8cf",
              "isHook": false,
              "skipped": false
            },
            {
              "title": "ACTUAL: should input a domain and redirect us to another origin",
              "fullTitle": "Domain checker ACTUAL: should input a domain and redirect us to another origin",
              "timedOut": null,
              "duration": 5443,
              "state": "passed",
              "speed": "medium",
              "pass": true,
              "fail": false,
              "pending": false,
              "context": null,
              "code": "cy.get('div[id=\"container\"]').should(\"be.visible\").within(() => {\n  cy.get('aside[class=\"callOuts\"]').should(\"be.visible\").within(() => {\n    cy.get('input[type=\"text\"]').type(\"test\");\n    cy.get('input[type=\"submit\"]').click();\n  });\n});",
              "err": {},
              "uuid": "2e7fa199-6ca5-42c5-a791-80b67c74c2c2",
              "parentUUID": "579591ea-e2df-49ad-8932-418829e3b8cf",
              "isHook": false,
              "skipped": false
            }
          ],
          "suites": [],
          "passes": [
            "2e7fa199-6ca5-42c5-a791-80b67c74c2c2"
          ],
          "failures": [
            "95a6477e-b1e5-49d5-a1bc-a367f0d3df89"
          ],
          "pending": [],
          "skipped": [],
          "duration": 13567,
          "root": false,
          "rootEmpty": false,
          "_timeout": 2000
        }
      ],
      "passes": [],
      "failures": [],
      "pending": [],
      "skipped": [],
      "duration": 0,
      "root": true,
      "rootEmpty": true,
      "_timeout": 2000
    }
  ],
  "meta": {
    "mocha": {
      "version": "7.0.1"
    },
    "mochawesome": {
      "options": {
        "quiet": false,
        "reportFilename": "mochawesome",
        "saveHtml": true,
        "saveJson": true,
        "consoleReporter": "spec",
        "useInlineDiffs": false,
        "code": true
      },
      "version": "7.1.3"
    },
    "marge": {
      "options": {
        "reportDir": "cypress/reports/mocha",
        "overwrite": false,
        "html": true,
        "json": true
      },
      "version": "6.2.0"
    }
  }
}